procs -----------memory---------- ---swap-- -----io---- -system-- ------cpu-----
 r  b   swpd   free   buff  cache   si   so    bi    bo   in   cs us sy id wa st
13  0      0 2089356  75704 852528    0    0     4    14  188  399  0  1 99  0  0
 1  0      0 2087308  75704 852540    0    0     0    48  581 2058  2  1 97  0  0
 1  0      0 2087308  75704 852540    0    0     0     0  478 1959  1  0 99  0  0
 2  0      0 2087308  75704 852540    0    0     0     0  500 2103  2  2 97  0  0
 0  0      0 2087056  75704 852744    0    0     0    76  506 2053  2  0 98  0  0
 0  0      0 2087056  75704 852780    0    0     0   112  475 2012  0  1 99  0  0
 0  0      0 2087056  75704 852784    0    0     0     0  526 2148  1  1 98  0  0
 0  0      0 2087056  75704 852784    0    0     0     0  429 1955  1  0 99  0  0
 0  0      0 2087056  75704 852784    0    0     0     0  447 1962  1  1 98  0  0
 0  0      0 2087056  75704 852784    0    0     0     0  503 2075  1  1 98  0  0
 0  0      0 2087056  75704 852784    0    0     0    24  469 1968  1  1 98  0  0
 0  0      0 2087056  75708 852780    0    0     0    48  509 2081  2  1 97  1  0
 7  0      0 2087056  75708 852984    0    0     0     0  484 2074  1  1 98  0  0
 0  0      0 2087056  75708 853020    0    0     0     0  439 1971  1  1 98  0  0
 0  0      0 2086804  75708 853020    0    0     0     0  473 1982  2  0 98  0  0
 0  0      0 2086804  75708 853020    0    0     0     0  541 2079  1  1 98  0  0
 0  0      0 2086804  75708 853020    0    0     0     0  592 2096  1  1 98  0  0
 0  0      0 2086804  75712 853016    0    0     0    84  611 2081  1  1 98  0  0
 0  0      0 2086804  75712 853020    0    0     0     0  594 2135  2  1 98  0  0
 0  0      0 2086804  75712 853020    0    0     0     0  466 1998  2  1 97  0  0
 0  0      0 2086552  75712 853188    0    0     0     0  448 1992  1  0 99  0  0
