procs -----------memory---------- ---swap-- -----io---- -system-- ------cpu-----
 r  b   swpd   free   buff  cache   si   so    bi    bo   in   cs us sy id wa st
 2  0      0 3051712  62720 505820    0    0     5    11  165  192  0  1 99  0  0
 0  0      0 3048656  62728 505832    0    0     0    60  332  720  1  3 96  1  0
 0  0      0 3048656  62728 505856    0    0     0     0  321  673  1  1 99  0  0
 0  0      0 3048656  62728 505884    0    0     0     0  309  690  0  0 100  0  0
 1  0      0 3048656  62728 505884    0    0     0     0  371  806  1  1 98  0  0
 0  0      0 3048656  62728 505884    0    0     0     0  380  738  1  0 99  0  0
 0  0      0 3048656  62736 505876    0    0     0    44  387  745  1  0 98  1  0
 0  0      0 3048656  62736 505884    0    0     0    20  409  778  1  1 99  0  0
 2  0      0 3048656  62736 505884    0    0     0     0  443  780  1  1 99  0  0
 0  0      0 3048656  62736 505900    0    0     0    84  409  790  1  1 98  0  0
 3  0      0 3048656  62736 505912    0    0     0     0  371  739  0  0 100  0  0
 1  0      0 3048656  62736 505944    0    0     0     0  395  753  1  0 99  0  0
 0  0      0 3048656  62744 505936    0    0     0    28  423  713  1  0 98  1  0
 0  0      0 3048656  62744 505948    0    0     0     0  397  713  1  1 98  0  0
 0  0      0 3048656  62744 505948    0    0     0     0  380  756  1  1 99  0  0
 2  0      0 3048656  62744 505948    0    0     0    12  395  728  1  1 99  0  0
 0  0      0 3048656  62744 505948    0    0     0     0  322  713  1  0 99  0  0
 0  0      0 3048656  62744 505960    0    0     0    44  283  668  1  1 99  0  0
 0  0      0 3048656  62744 505988    0    0     0     0  252  638  0  0 100  0  0
 2  0      0 3048656  62744 506000    0    0     0     0  333  742  1  1 98  0  0
 0  0      0 3048656  62748 506000    0    0     0    36  330  719  1  0 99  1  0
