procs -----------memory---------- ---swap-- -----io---- -system-- ------cpu-----
 r  b   swpd   free   buff  cache   si   so    bi    bo   in   cs us sy id wa st
 1  0      0 2177916  73400 767092    0    0     4    14  184  352  0  1 99  0  0
 1  0      0 2175112  73404 767092    0    0     0   644  450 1998  2  3 95  0  0
 0  0      0 2175112  73404 767320    0    0     0     0  490 2024  2  0 98  0  0
 0  0      0 2174992  73404 767320    0    0     0     0  508 2158  1  1 98  0  0
 0  0      0 2174740  73404 767320    0    0     0     0  458 1975  0  1 99  0  0
 0  0      0 2174740  73404 767320    0    0     0     0  531 2030  1  1 98  0  0
 0  0      0 2174740  73408 767324    0    0     0   576  658 2177  1  2 96  1  0
 1  0      0 2174740  73408 767324    0    0     0    40  549 2063  1  1 98  0  0
 0  0      0 2174740  73408 767324    0    0     0     0  954 2077  1  5 95  0  0
 0  0      0 2174740  73408 767324    0    0     0     0  537 2133  2  1 98  0  0
 0  0      0 2174488  73408 767576    0    0     0     0  539 2112  1  1 98  0  0
 5  0      0 2174488  73416 767576    0    0     0    72  493 2035  1  1 98  0  0
 0  0      0 2174488  73416 767576    0    0     0     0  528 2135  1  1 98  0  0
 1  0      0 2174488  73416 767576    0    0     0     0  506 2097  1  0 99  0  0
 0  0      0 2174488  73416 767576    0    0     0     0  476 1989  1  0 99  0  0
 0  0      0 2174488  73416 767576    0    0     0    44  449 2039  1  1 98  0  0
 9  0      0 2174488  73416 767576    0    0     0    20  482 2018  1  1 98  0  0
 0  0      0 2174488  73416 767576    0    0     0     0  500 2038  1  1 98  0  0
 0  0      0 2174236  73416 767804    0    0     0     0  492 2155  2  1 98  0  0
 1  0      0 2174236  73416 767804    0    0     0     0  485 2018  1  0 99  0  0
 0  0      0 2174236  73416 767804    0    0     0     0  456 1967  1  1 98  0  0
