procs -----------memory---------- ---swap-- -----io---- -system-- ------cpu-----
 r  b   swpd   free   buff  cache   si   so    bi    bo   in   cs us sy id wa st
 2  0      0 2718008  63736 518192    0    0     5    11  166  202  0  1 99  0  0
 0  0      0 2714196  63736 518260    0    0     0    60  464 1535  2  2 96  1  0
 0  0      0 2714196  63736 518260    0    0     0     0  393 1462  1  1 99  0  0
 1  0      0 2714196  63736 518308    0    0     0     0  435 1520  1  0 99  0  0
 0  0      0 2714196  63736 518324    0    0     0   200  476 1547  2  0 98  0  0
 0  0      0 2714196  63736 518340    0    0     0    12  442 1469  1  1 98  0  0
 1  0      0 2714196  63740 518336    0    0     0    60  405 1424  1  1 97  1  0
 1  0      0 2714196  63740 518368    0    0     0     0  466 1526  1  0 99  0  0
10  0      0 2714196  63740 518384    0    0     0     0  468 1450  1  1 99  0  0
 0  0      0 2714196  63740 518444    0    0     0    84  529 1525  1  1 99  0  0
 0  0      0 2714196  63740 518456    0    0     0    40  515 1520  1  1 98  0  0
 0  0      0 2714196  63740 518468    0    0     0     0  529 1504  1  0 99  0  0
 0  0      0 2713944  63744 518480    0    0     0    52  536 1558  1  0 98  1  0
 0  0      0 2713944  63744 518492    0    0     0    16  437 1516  1  1 99  0  0
 8  0      0 2713944  63744 518492    0    0     0     0  379 1420  1  1 98  0  0
 0  0      0 2713944  63744 518524    0    0     0     0  449 1503  1  1 98  0  0
 0  0      0 2713944  63744 518536    0    0     0   104  463 1530  1  0 99  0  0
 0  0      0 2713944  63752 518592    0    0     0    52  414 1503  1  1 98  1  0
 0  0      0 2713944  63752 518612    0    0     0     0  391 1426  1  2 97  0  0
 0  0      0 2713944  63752 518628    0    0     0   160  410 1440  1  0 99  0  0
 4  0      0 2713944  63752 518648    0    0     0     0  421 1453  1  1 98  0  0
