procs -----------memory---------- ---swap-- -----io---- -system-- ------cpu-----
 r  b   swpd   free   buff  cache   si   so    bi    bo   in   cs us sy id wa st
 2  0      0 2866924  63200 510476    0    0     5    11  165  195  0  1 99  0  0
 0  0      0 2863868  63200 510476    0    0     0     0  419 1166  2  2 96  0  0
 0  0      0 2863868  63200 510488    0    0     0    24  420 1155  1  1 99  0  0
 1  0      0 2863868  63200 510500    0    0     0    16  413 1209  1  0 99  0  0
 0  0      0 2863492  63208 510492    0    0     0    84  400 1156  1  1 98  1  0
 0  0      0 2863492  63208 510524    0    0     0     0  421 1168  1  1 98  0  0
 0  0      0 2863368  63208 510528    0    0     0    12  411 1162  1  1 99  0  0
 7  0      0 2863368  63208 510576    0    0     0   208  388 1136  1  1 99  0  0
 0  0      0 2863244  63208 510596    0    0     0    40  427 1184  1  0 99  0  0
 2  0      0 2863244  63208 510596    0    0     0     0  445 1152  1  0 99  0  0
 7  0      0 2863120  63216 510612    0    0     0    68  513 1204  1  1 97  1  0
 8  0      0 2862868  63216 510632    0    0     0     0  430 1115  2  1 97  0  0
 0  0      0 2862744  63216 510632    0    0     0    12  309 1080  0  1 99  0  0
 0  0      0 2862744  63216 510664    0    0     0    88  389 1183  1  0 99  0  0
 5  0      0 2862620  63216 510664    0    0     0     0  382 1120  1  1 98  0  0
 0  0      0 2862620  63216 510704    0    0     0    28  423 1191  1  0 99  0  0
 0  0      0 2862244  63224 510720    0    0     0   104  402 1170  1  1 98  1  0
 0  0      0 2862124  63224 510720    0    0     0    52  382 1158  1  0 99  0  0
 0  0      0 2862000  63224 510732    0    0     0     0  354 1135  1  1 98  0  0
 0  0      0 2862000  63224 510748    0    0     0     0  390 1121  1  1 98  0  0
 0  0      0 2862000  63224 510748    0    0     0    12  440 1177  1  1 98  0  0
