procs -----------memory---------- ---swap-- -----io---- -system-- ------cpu-----
 r  b   swpd   free   buff  cache   si   so    bi    bo   in   cs us sy id wa st
 2  0      0 3342996  43036 362472    0    0     9    11  172  176  0  1 99  0  0
 0  0      0 3340824  43036 362472    0    0     0     0  362  396  1  1 98  0  0
 0  0      0 3340824  43036 362472    0    0     0     0  341  391  0  0 100  0  0
 0  0      0 3340824  43036 362496    0    0     0     0  922  498  1  2 98  0  0
 0  0      0 3340824  43036 362540    0    0     0     0  909  501  0  4 96  0  0
 0  0      0 3340824  43044 362552    0    0     0   124  986  560  1  6 93  1  0
 1  0      0 3340824  43044 362592    0    0     0     4  937  499  0  6 94  0  0
 0  0      0 3340824  43044 362616    0    0     0     0  980  532  1  1 98  0  0
 0  0      0 3340824  43044 362648    0    0     0   152  941  529  1  4 95  0  0
 0  0      0 3340824  43044 362672    0    0     0     0  969  514  1  5 94  0  0
 0  0      0 3340824  43044 362696    0    0     0     0  988  495  1  4 95  0  0
 1  0      0 3340824  43052 362728    0    0     0    28  998  528  0  4 96  0  0
 0  0      0 3340824  43052 362764    0    0     0     0  977  562  1  3 96  0  0
 3  0      0 3340824  43052 362792    0    0     0     0  984  514  1  5 94  0  0
 1  0      0 3340824  43052 362800    0    0     0     0  349  390  1  1 99  0  0
 0  0      0 3340824  43052 362800    0    0     0     0  297  343  1  1 99  0  0
 0  0      0 3340824  43060 362792    0    0     0    12  345  380  0  1 99  1  0
 0  0      0 3340824  43060 362800    0    0     0     0  320  403  0  0 100  0  0
 0  0      0 3340824  43060 362800    0    0     0     0  322  349  1  0 99  0  0
 0  0      0 3340824  43060 362800    0    0     0     0  307  350  1  1 99  0  0
 0  0      0 3340824  43060 362812    0    0     0     0  304  364  0  1 99  0  0
