procs -----------memory---------- ---swap-- -----io---- -system-- ------cpu-----
 r  b   swpd   free   buff  cache   si   so    bi    bo   in   cs us sy id wa st
 2  0      0 2915012  63156 509796    0    0     5    11  165  195  0  1 99  0  0
 1  0      0 2911452  63156 509796    0    0     0    16  489 1081  2  2 96  0  0
 0  0      0 2911452  63156 509796    0    0     0     0  482 1113  1  0 99  0  0
 0  0      0 2911452  63156 509804    0    0     0    16  360 1088  1  2 97  0  0
 0  0      0 2911452  63156 509828    0    0     0     0  361 1042  1  0 99  0  0
 2  0      0 2911452  63160 509844    0    0     0    80  330 1016  1  1 98  1  0
 2  0      0 2911452  63160 509844    0    0     0    12  393 1051  1  1 98  0  0
 0  0      0 2911452  63160 509912    0    0     0    48  354 1023  1  1 98  0  0
 4  0      0 2911452  63160 509912    0    0     0     0  375 1074  1  0 99  0  0
 0  0      0 2911452  63160 509912    0    0     0    12  385 1066  0  0 100  0  0
 0  0      0 2911452  63160 509928    0    0     0   164  409 1079  1  0 99  0  0
 5  0      0 2911452  63164 509924    0    0     0    68  373 1029  1  1 98  1  0
 5  0      0 2911452  63164 509956    0    0     0     0  388 1072  1  0 99  0  0
 0  0      0 2911452  63164 509956    0    0     0     0  470 1145  1  1 98  0  0
 0  0      0 2911452  63164 509956    0    0     0     0  536 1099  1  0 99  0  0
 0  0      0 2911452  63164 510000    0    0     0   168  508 1120  1  1 99  0  0
 0  0      0 2911452  63164 510012    0    0     0   612  529 1049  1  3 96  1  0
 0  0      0 2911452  63172 510004    0    0     0    84  381 1091  1  1 98  1  0
 6  0      0 2911452  63172 510012    0    0     0     0  402 1091  1  0 99  0  0
 0  0      0 2911452  63172 510024    0    0     0    16  385 1068  1  0 99  0  0
 0  0      0 2911200  63172 510036    0    0     0     0  406 1076  1  1 99  0  0
