procs -----------memory---------- ---swap-- -----io---- -system-- ------cpu-----
 r  b   swpd   free   buff  cache   si   so    bi    bo   in   cs us sy id wa st
 2  0      0 2079528  75752 856196    0    0     4    15  189  400  0  1 99  0  0
 0  0      0 2077480  75752 856208    0    0     0     0  592 2085  1  1 98  0  0
 0  0      0 2077480  75752 856208    0    0     0     0  537 2028  1  1 99  0  0
 0  0      0 2077480  75756 856208    0    0     0   148  502 2015  1  1 97  1  0
 0  0      0 2077480  75756 856208    0    0     0     0  526 2187  1  1 98  0  0
 0  0      0 2077480  75756 856208    0    0     0     0  452 1972  1  0 99  0  0
 0  0      0 2077480  75756 856208    0    0     0    12  422 1909  1  0 99  0  0
 0  0      0 2077480  75756 856208    0    0     0   252  488 2093  1  1 98  0  0
 3  0      0 2077480  75760 856456    0    0     0   160  471 1995  2  1 97  1  0
 0  0      0 2077480  75760 856456    0    0     0     0  523 2073  0  0 100  0  0
 4  0      0 2077480  75760 856456    0    0     0     0  510 2103  1  1 98  0  0
 0  0      0 2077480  75760 856456    0    0     0     0  551 2098  1  1 99  0  0
 2  0      0 2077480  75760 856456    0    0     0     0  490 2006  2  0 98  0  0
 8  0      0 2077480  75760 856456    0    0     0     0  492 2090  1  1 98  0  0
 0  0      0 2077480  75760 856456    0    0     0    76  516 2100  1  1 99  0  0
 0  0      0 2077480  75760 856456    0    0     0   132  454 1960  1  1 99  0  0
 0  0      0 2077480  75760 856688    0    0     0     0  659 2211  1  0 99  0  0
 1  0      0 2077480  75760 856688    0    0     0     0  572 2054  1  1 98  0  0
 7  0      0 2077480  75760 856688    0    0     0   132  637 2106  2  1 97  0  0
 0  0      0 2077480  75760 856688    0    0     0     0  620 2202  1  0 99  0  0
 1  0      0 2077480  75768 856688    0    0     0    92  608 2118  2  1 96  1  0
