procs -----------memory---------- ---swap-- -----io---- -system-- ------cpu-----
 r  b   swpd   free   buff  cache   si   so    bi    bo   in   cs us sy id wa st
 1  0      0 2769668  63400 513292    0    0     5    11  165  198  0  1 99  0  0
11  0      0 2766108  63408 513336    0    0     0    40  368 1322  1  2 96  1  0
 0  0      0 2766108  63408 513348    0    0     0   180  377 1328  1  0 99  0  0
 2  0      0 2765856  63408 513384    0    0     0    40  557 1582  1  3 96  0  0
 0  0      0 2765856  63408 513420    0    0     0    48  475 1451  1  2 97  0  0
 0  0      0 2765856  63408 513420    0    0     0     0  421 1398  1  0 99  0  0
 0  0      0 2765856  63416 513412    0    0     0    84  405 1379  0  1 99  0  0
 1  0      0 2765856  63416 513452    0    0     0    48  417 1379  1  0 99  0  0
 9  0      0 2765856  63416 513468    0    0     0    12  434 1335  1  1 99  0  0
 0  0      0 2765856  63416 513484    0    0     0    36  450 1383  1  1 98  0  0
 0  0      0 2765856  63416 513500    0    0     0     0  477 1400  1  1 99  0  0
 0  0      0 2765856  63416 513548    0    0     0    52  495 1374  1  0 98  1  0
 0  0      0 2765856  63416 513576    0    0     0   120  394 1340  2  1 97  0  0
 1  0      0 2765856  63416 513576    0    0     0     0  538 1567  1  2 97  0  0
 5  0      0 2765856  63416 513592    0    0     0     0  475 1484  1  1 99  0  0
 0  0      0 2765856  63416 513608    0    0     0    32  462 1469  1  2 97  0  0
 0  0      0 2765856  63424 513624    0    0     0   280  427 1372  1  1 98  0  0
 1  0      0 2765856  63424 513640    0    0     0   124  391 1322  0  1 99  0  0
 4  0      0 2765604  63424 513652    0    0     0     0  412 1339  2  0 98  0  0
10  0      0 2765604  63424 513696    0    0     0     0  376 1320  1  1 98  0  0
 1  0      0 2765604  63424 513724    0    0     0     0  400 1401  1  0 99  0  0
