procs -----------memory---------- ---swap-- -----io---- -system-- ------cpu-----
 r  b   swpd   free   buff  cache   si   so    bi    bo   in   cs us sy id wa st
 2  0      0 2079276  75768 856788    0    0     4    15  189  401  0  1 99  0  0
 0  0      0 2077228  75768 856932    0    0     0     0  554 2217  1  1 98  0  0
 0  0      0 2077228  75772 856928    0    0     0   104  466 2014  1  0 99  0  0
 1  0      0 2077228  75772 856932    0    0     0     0  494 2013  1  0 99  0  0
 0  0      0 2077228  75772 856932    0    0     0     0  404 1998  1  0 99  0  0
 0  0      0 2077228  75772 856932    0    0     0    32  448 1985  2  0 98  0  0
 0  0      0 2077228  75772 856932    0    0     0     0  509 2046  1  2 97  0  0
 0  0      0 2077228  75772 856932    0    0     0   488  616 2178  1  3 95  1  0
 0  0      0 2077228  75772 857032    0    0     0     0  442 1969  1  0 99  0  0
 0  0      0 2077228  75772 857172    0    0     0     0  457 1981  1  1 99  0  0
 3  0      0 2077228  75772 857172    0    0     0   764  465 2003  1  1 99  0  0
 0  0      0 2077228  75772 857172    0    0     0     0  550 2084  2  0 98  0  0
 0  0      0 2077228  75772 857172    0    0     0     0  596 2078  1  0 99  0  0
 0  0      0 2077228  75780 857176    0    0     0   120  660 2188  1  2 97  1  0
 4  0      0 2077228  75780 857176    0    0     0     0  550 2051  2  0 98  0  0
11  0      0 2077228  75780 857176    0    0     0     0  613 2079  1  1 98  0  0
 2  0      0 2076976  75780 857416    0    0     0     0  462 2117  1  1 98  0  0
 0  0      0 2076976  75780 857416    0    0     0     0  440 2005  1  0 99  0  0
 0  0      0 2076976  75780 857416    0    0     0     0  585 2099  2  1 98  0  0
 0  0      0 2076976  75788 857416    0    0     0    56  521 2112  1  1 98  1  0
 0  0      0 2076976  75788 857416    0    0     0     0  416 1937  1  1 98  0  0
