procs -----------memory---------- ---swap-- -----io---- -system-- ------cpu-----
 r  b   swpd   free   buff  cache   si   so    bi    bo   in   cs us sy id wa st
 2  0      0 2084316  75716 853512    0    0     4    14  189  399  0  1 99  0  0
18  1      0 2082268  75716 853524    0    0     0   176  617 2140  2  2 96  1  0
 5  0      0 2082268  75716 853524    0    0     0   368  505 2002  1  3 96  0  0
 0  0      0 2082268  75716 853524    0    0     0     0  489 2096  1  0 99  0  0
 7  0      0 2082268  75716 853524    0    0     0    24  509 2022  1  1 98  0  0
10  0      0 2082268  75716 853524    0    0     0     0  467 1987  1  0 99  0  0
 1  0      0 2082268  75716 853524    0    0     0    52  490 2106  1  1 98  0  0
 0  0      0 2082268  75720 853760    0    0     0   136  442 1977  2  2 95  2  0
 0  0      0 2082268  75720 853760    0    0     0   720  441 1974  1  1 99  0  0
 0  0      0 2082268  75720 853760    0    0     0     0  510 2074  2  2 97  0  0
 0  0      0 2082268  75720 853760    0    0     0     0  439 1950  2  1 98  0  0
 2  0      0 2082268  75720 853760    0    0     0     0  511 2088  1  0 99  0  0
 0  0      0 2082268  75724 853760    0    0     0   116  650 2152  2  1 97  1  0
 0  0      0 2082268  75724 853760    0    0     0     0  566 2024  1  0 99  0  0
 1  0      0 2082268  75724 853760    0    0     0     0  627 2039  2  1 98  0  0
 0  0      0 2082268  75724 854000    0    0     0     0  452 2060  1  0 99  0  0
 0  0      0 2082268  75724 854000    0    0     0     0  458 2013  1  1 98  0  0
 0  0      0 2082268  75728 853996    0    0     0    40  497 2018  1  1 98  1  0
 0  0      0 2082268  75728 854000    0    0     0     0  513 2092  2  1 98  0  0
 0  0      0 2082268  75728 854000    0    0     0     0  435 1975  1  0 99  0  0
 0  0      0 2082268  75728 854000    0    0     0    24  438 1949  2  1 98  0  0
