procs -----------memory---------- ---swap-- -----io---- -system-- ------cpu-----
 r  b   swpd   free   buff  cache   si   so    bi    bo   in   cs us sy id wa st
 2  0      0 2079528  75744 855220    0    0     4    15  189  400  0  1 99  0  0
 0  0      0 2077480  75748 855240    0    0     0   212  528 2033  1  1 98  1  0
 6  0      0 2077480  75748 855240    0    0     0     0  413 2003  1  1 99  0  0
 0  0      0 2077480  75748 855240    0    0     0   260  514 2088  1  1 98  0  0
 0  0      0 2077480  75748 855420    0    0     0     0  515 2086  1  1 98  0  0
 0  0      0 2077480  75748 855472    0    0     0    16  514 2069  1  0 99  0  0
 0  0      0 2077480  75748 855472    0    0     0     0  451 1976  1  1 98  0  0
 0  0      0 2077480  75752 855476    0    0     0    92  495 2026  1  0 99  0  0
 0  0      0 2077480  75752 855476    0    0     0     0  500 2150  1  1 98  0  0
 0  0      0 2077480  75752 855476    0    0     0    24  446 1975  2  1 98  0  0
 0  0      0 2077480  75752 855476    0    0     0     0  451 1949  1  1 98  0  0
 9  0      0 2077480  75752 855476    0    0     0    40  520 2107  2  1 98  0  0
 0  0      0 2077480  75752 855648    0    0     0    76  548 2018  2  1 98  0  0
 2  0      0 2077480  75752 855708    0    0     0     0  555 2025  1  1 98  0  0
 0  0      0 2077480  75752 855708    0    0     0     0  548 2068  1  1 98  0  0
 0  0      0 2077480  75752 855712    0    0     0    64  406 1937  1  1 98  1  0
15  0      0 2077480  75752 855712    0    0     0     0  512 2042  1  1 98  0  0
 0  0      0 2077480  75752 855712    0    0     0     0  507 2083  1  1 98  0  0
 0  0      0 2077480  75752 855712    0    0     0     0  470 2022  2  1 98  0  0
 0  0      0 2077480  75752 855712    0    0     0     0  438 1963  1  1 99  0  0
 0  0      0 2077480  75752 855884    0    0     0    56  481 2074  1  0 99  0  0
